#
# A fatal error has been detected by the Java Runtime Environment:
#
#  EXCEPTION_ACCESS_VIOLATION (0xc0000005) at pc=0x00007ff8beabca86, pid=7592, tid=11840
#
# JRE version: OpenJDK Runtime Environment (17.0.6) (build 17.0.6+0-b2043.56-10027231)
# Java VM: OpenJDK 64-Bit Server VM (17.0.6+0-b2043.56-10027231, mixed mode, tiered, compressed oops, compressed class ptrs, g1 gc, windows-amd64)
# Problematic frame:
# V  [jvm.dll+0xca86]
#
# No core dump will be written. Minidumps are not enabled by default on client versions of Windows
#
# If you would like to submit a bug report, please visit:
#   https://bugreport.java.com/bugreport/crash.jsp
#

---------------  S U M M A R Y ------------

Command Line: --add-opens=java.base/java.util=ALL-UNNAMED --add-opens=java.base/java.lang=ALL-UNNAMED --add-opens=java.base/java.lang.invoke=ALL-UNNAMED --add-opens=java.prefs/java.util.prefs=ALL-UNNAMED --add-opens=java.base/java.nio.charset=ALL-UNNAMED --add-opens=java.base/java.net=ALL-UNNAMED --add-opens=java.base/java.util.concurrent.atomic=ALL-UNNAMED -Xmx2048m -Dfile.encoding=UTF-8 -Duser.country=BR -Duser.language=pt -Duser.variant org.gradle.launcher.daemon.bootstrap.GradleDaemon 8.0

Host: Intel(R) Core(TM) i5-3337U CPU @ 1.80GHz, 4 cores, 15G,  Windows 10 , 64 bit Build 19041 (10.0.19041.5072)
Time: Thu Nov  7 23:40:22 2024 Hora oficial do Brasil elapsed time: 32.820581 seconds (0d 0h 0m 32s)

---------------  T H R E A D  ---------------

Current thread (0x00000190f375cf90):  GCTaskThread "GC Thread#0" [stack: 0x000000575b900000,0x000000575ba00000] [id=11840]

Stack: [0x000000575b900000,0x000000575ba00000],  sp=0x000000575b9ff668,  free space=1021k
Native frames: (J=compiled Java code, j=interpreted, Vv=VM code, C=native code)
V  [jvm.dll+0xca86]


siginfo: EXCEPTION_ACCESS_VIOLATION (0xc0000005), reading address 0x000000034b7a5360


Register to memory mapping:

RIP=0x00007ff8beabca86 jvm.dll
RAX=0x0000000000000002 is an unknown value
RBX=0x0000000000000001 is an unknown value
RCX=0x00000000857d36f8 is pointing into object: [B 
{0x00000000857d36a8} - klass: {type array byte}
 - length: 93
RDX=0x00000000857d36f8 is pointing into object: [B 
{0x00000000857d36a8} - klass: {type array byte}
 - length: 93
RSP=0x000000575b9ff668 points into unknown readable memory: 0x00007ff8bedbb5ec | ec b5 db be f8 7f 00 00
RBP=0x000000034b7a5358 is an unknown value
RSI=0x00000190feec6240 points into unknown readable memory: 0x00007ff8bf417708 | 08 77 41 bf f8 7f 00 00
RDI=0x00000190feec6240 points into unknown readable memory: 0x00007ff8bf417708 | 08 77 41 bf f8 7f 00 00
R8 =0x00000000857d36f8 is pointing into object: [B 
{0x00000000857d36a8} - klass: {type array byte}
 - length: 93
R9 =0x000000034b7a5358 is an unknown value
R10=0x00000000857d36f8 is pointing into object: [B 
{0x00000000857d36a8} - klass: {type array byte}
 - length: 93
R11=0x00007ff904dd15c3 VCRUNTIME140.dll
R12=0x0000000000000003 is an unknown value
R13=0x000000575b9ff870 points into unknown readable memory: 0x00007ff8bf410f40 | 40 0f 41 bf f8 7f 00 00
R14=0x0 is NULL
R15=0x00000000857d36f8 is pointing into object: [B 
{0x00000000857d36a8} - klass: {type array byte}
 - length: 93


Registers:
RAX=0x0000000000000002, RBX=0x0000000000000001, RCX=0x00000000857d36f8, RDX=0x00000000857d36f8
RSP=0x000000575b9ff668, RBP=0x000000034b7a5358, RSI=0x00000190feec6240, RDI=0x00000190feec6240
R8 =0x00000000857d36f8, R9 =0x000000034b7a5358, R10=0x00000000857d36f8, R11=0x00007ff904dd15c3
R12=0x0000000000000003, R13=0x000000575b9ff870, R14=0x0000000000000000, R15=0x00000000857d36f8
RIP=0x00007ff8beabca86, EFLAGS=0x0000000000010202

Top of Stack: (sp=0x000000575b9ff668)
0x000000575b9ff668:   00007ff8bedbb5ec 0000000000000000
0x000000575b9ff678:   0000000000000003 00000001000cf388
0x000000575b9ff688:   00000190feec63c0 0000000100000001
0x000000575b9ff698:   00007ff800000000 0000000000000011
0x000000575b9ff6a8:   00000190f37be830 00000190feec6240
0x000000575b9ff6b8:   00007ff8bedbb997 0000000000000000
0x000000575b9ff6c8:   0000000000000000 0000000000000000
0x000000575b9ff6d8:   000000575b9ff870 0000000000000003
0x000000575b9ff6e8:   00000190feec6240 000000008549a394
0x000000575b9ff6f8:   000000000000218f 000000008549a395
0x000000575b9ff708:   00007ff8bedbc672 0000000085950000
0x000000575b9ff718:   0000000000000001 0000000000000018
0x000000575b9ff728:   726f462473796172 0000000000000033
0x000000575b9ff738:   00000190feec6240 000000575befe700
0x000000575b9ff748:   0000000085e25148 00000190f3710640
0x000000575b9ff758:   00007ff8bedbc228 00003d2b0000218f 

Instructions: (pc=0x00007ff8beabca86)
0x00007ff8beabc986:   cc cc cc cc cc cc cc cc cc cc 4c 8b 01 4c 8b c9
0x00007ff8beabc996:   48 8b 0d b3 35 b7 00 ba 64 60 08 00 e9 c9 f1 ff
0x00007ff8beabc9a6:   ff cc cc cc cc cc cc cc cc cc 8b 05 42 79 b1 00
0x00007ff8beabc9b6:   c3 cc cc cc cc cc cc cc cc cc 0f b6 05 48 3e b8
0x00007ff8beabc9c6:   00 48 8b d1 84 c0 74 16 44 8b 41 08 8b 0d 20 79
0x00007ff8beabc9d6:   b1 00 49 d3 e0 4c 03 05 0e 79 b1 00 eb 04 4c 8b
0x00007ff8beabc9e6:   41 08 45 8b 50 08 45 85 d2 7e 0e 41 f6 c2 01 75
0x00007ff8beabc9f6:   53 41 c1 fa 03 41 8b c2 c3 79 49 84 c0 b9 10 00
0x00007ff8beabca06:   00 00 8b 05 26 88 b1 00 41 b8 0c 00 00 00 41 0f
0x00007ff8beabca16:   45 c8 ff c8 4c 63 c8 48 63 14 11 41 8b ca 83 e1
0x00007ff8beabca26:   3f 48 d3 e2 41 8b ca 48 c1 f9 10 0f b6 c1 49 8d
0x00007ff8beabca36:   0c 11 49 f7 d1 48 03 c1 49 c1 e9 03 48 c1 e8 03
0x00007ff8beabca46:   41 23 c1 c3 49 8b 00 49 8b c8 48 ff a0 00 01 00
0x00007ff8beabca56:   00 cc cc cc cc cc cc cc cc cc 8b 44 24 30 45 03
0x00007ff8beabca66:   c9 44 2b 4c 24 28 83 c0 0b 44 03 ca 45 03 c8 41
0x00007ff8beabca76:   03 c1 c3 cc cc cc cc cc cc cc 4c 8b ca 48 8b d1
0x00007ff8beabca86:   45 8b 41 08 45 85 c0 7e 0e 41 f6 c0 01 75 56 41
0x00007ff8beabca96:   c1 f8 03 41 8b c0 c3 79 4c 80 3d 69 3d b8 00 00
0x00007ff8beabcaa6:   b8 0c 00 00 00 b9 10 00 00 00 0f 45 c8 8b 05 7b
0x00007ff8beabcab6:   87 b1 00 ff c8 4c 63 c8 48 63 14 11 41 8b c8 83
0x00007ff8beabcac6:   e1 3f 48 d3 e2 41 8b c8 48 c1 f9 10 0f b6 c1 49
0x00007ff8beabcad6:   8d 0c 11 49 f7 d1 48 03 c1 49 c1 e9 03 48 c1 e8
0x00007ff8beabcae6:   03 41 23 c1 c3 49 8b 01 49 8b c9 48 ff a0 00 01
0x00007ff8beabcaf6:   00 00 cc cc cc cc cc cc cc cc 48 8b 41 08 0f b7
0x00007ff8beabcb06:   48 2a 0f b7 40 28 83 c0 48 03 c1 c3 cc cc cc cc
0x00007ff8beabcb16:   cc cc cc cc cc cc cc cc cc cc 48 89 5c 24 08 57
0x00007ff8beabcb26:   48 83 ec 20 0f b6 05 7f 1b bc 00 48 8b fa 48 8b
0x00007ff8beabcb36:   d9 84 c0 74 4f 48 85 15 76 13 bc 00 74 38 48 8b
0x00007ff8beabcb46:   ca e8 24 73 86 00 48 8b d0 48 85 db 74 25 48 85
0x00007ff8beabcb56:   c0 74 20 48 8b c7 f0 48 0f b1 13 74 16 48 85 05
0x00007ff8beabcb66:   4e 13 bc 00 74 0d 48 8b c8 f0 48 0f b1 13 48 3b
0x00007ff8beabcb76:   c1 75 ea 48 8b fa 48 8b c7 48 8b 5c 24 30 48 83 


Stack slot to memory mapping:
stack at sp + 0 slots: 0x00007ff8bedbb5ec jvm.dll
stack at sp + 1 slots: 0x0 is NULL
stack at sp + 2 slots: 0x0000000000000003 is an unknown value
stack at sp + 3 slots: 0x00000001000cf388 is a pointer to class: 
java.util.LinkedList$Node {0x00000001000cf390}
 - instance size:     3
 - klass size:        70
 - access:            synchronized 
 - state:             fully_initialized
 - name:              'java/util/LinkedList$Node'
 - super:             'java/lang/Object'
 - sub:               
 - arrays:            NULL
 - methods:           Array<T>(0x00000190fe61bbd0)
 - method ordering:   Array<T>(0x00000190fe000018)
 - default_methods:   Array<T>(0x0000000000000000)
 - local interfaces:  Array<T>(0x00000190fe000058)
 - trans. interfaces: Array<T>(0x00000190fe000058)
 - constants:         constant pool [39] {0x00000190fe61ba08} for 'java/util/LinkedList$Node' cache=0x00000190fe61bce8
 - class loader data:  loader data: 0x00000190fdb7b030 of 'bootstrap'
 - source file:       'LinkedList.java'
 - class annotations:       Array<T>(0x0000000000000000)
 - class type annotations:  Array<T>(0x0000000000000000)
 - field annotations:       Array<T>(0x0000000000000000)
 - field type annotations:  Array<T>(0x0000000000000000)
 - generic signature: '<E:Ljava/lang/Object;>Ljava/lang/Object;'
 - inner classes:     Array<T>(0x00000190fe61bcd0)
 - nest members:     Array<T>(0x00000190fe000028)
 - permitted subclasses:     Array<T>(0x00000190fe000028)
 - java mirror:       a 'java/lang/Class'{0x00000000800f6510} = 'java/util/LinkedList$Node'
 - vtable length      5  (start addr: 0x00000001000cf578)
 - itable length      2 (start addr: 0x00000001000cf5a0)
 - ---- static fields (0 words):
 - ---- non-static fields (3 words):
 - 'item' 'Ljava/lang/Object;' @12 
 - 'next' 'Ljava/util/LinkedList$Node;' @16 
 - 'prev' 'Ljava/util/LinkedList$Node;' @20 
 - non-static oop maps: 12-20 
stack at sp + 4 slots: 0x00000190feec63c0 points into unknown readable memory: 0x00007ff8bf4176c0 | c0 76 41 bf f8 7f 00 00
stack at sp + 5 slots: 0x0000000100000001 is pointing into metadata
stack at sp + 6 slots: 0x00007ff800000000 is an unknown value
stack at sp + 7 slots: 0x0000000000000011 is an unknown value


---------------  P R O C E S S  ---------------

Threads class SMR info:
_java_thread_list=0x000001908f30d970, length=38, elements={
0x00000190f36ffda0, 0x00000190fe818cc0, 0x00000190fe81aa50, 0x00000190fe8623c0,
0x00000190fe865090, 0x00000190fe8660f0, 0x00000190fe867150, 0x00000190fe86b9e0,
0x00000190fe86d2d0, 0x00000190fe880b40, 0x00000190fe9deb20, 0x00000190fe9e1890,
0x000001909055ffa0, 0x000001908f3d7ca0, 0x000001908fe6e260, 0x000001909100bbb0,
0x000001908fb976b0, 0x000001908fd7e4a0, 0x000001908fd7db00, 0x000001908fd7be20,
0x000001908fd7d160, 0x000001908fd7dfd0, 0x000001908fd7b950, 0x000001908fd7c2f0,
0x000001908fd7afb0, 0x000001908fd7cc90, 0x000001908fd7b480, 0x000001908fd7c7c0,
0x000001908fd7d630, 0x000001908fd7aae0, 0x00000190ff1a0830, 0x00000190ff1a29e0,
0x00000190ff1a76e0, 0x00000190ff1a2510, 0x00000190ff1a0360, 0x00000190ff1a5060,
0x00000190ff1a2eb0, 0x00000190917abd00
}

Java Threads: ( => current thread )
  0x00000190f36ffda0 JavaThread "main" [_thread_blocked, id=3208, stack(0x000000575b800000,0x000000575b900000)]
  0x00000190fe818cc0 JavaThread "Reference Handler" daemon [_thread_blocked, id=10360, stack(0x000000575bf00000,0x000000575c000000)]
  0x00000190fe81aa50 JavaThread "Finalizer" daemon [_thread_blocked, id=2088, stack(0x000000575c000000,0x000000575c100000)]
  0x00000190fe8623c0 JavaThread "Signal Dispatcher" daemon [_thread_blocked, id=8124, stack(0x000000575c100000,0x000000575c200000)]
  0x00000190fe865090 JavaThread "Attach Listener" daemon [_thread_blocked, id=7544, stack(0x000000575c200000,0x000000575c300000)]
  0x00000190fe8660f0 JavaThread "Service Thread" daemon [_thread_blocked, id=856, stack(0x000000575c300000,0x000000575c400000)]
  0x00000190fe867150 JavaThread "Monitor Deflation Thread" daemon [_thread_blocked, id=12648, stack(0x000000575c400000,0x000000575c500000)]
  0x00000190fe86b9e0 JavaThread "C2 CompilerThread0" daemon [_thread_blocked, id=8368, stack(0x000000575c500000,0x000000575c600000)]
  0x00000190fe86d2d0 JavaThread "C1 CompilerThread0" daemon [_thread_blocked, id=8788, stack(0x000000575c600000,0x000000575c700000)]
  0x00000190fe880b40 JavaThread "Sweeper thread" daemon [_thread_blocked, id=13092, stack(0x000000575c700000,0x000000575c800000)]
  0x00000190fe9deb20 JavaThread "Common-Cleaner" daemon [_thread_blocked, id=2700, stack(0x000000575c800000,0x000000575c900000)]
  0x00000190fe9e1890 JavaThread "Notification Thread" daemon [_thread_blocked, id=3856, stack(0x000000575c900000,0x000000575ca00000)]
  0x000001909055ffa0 JavaThread "Daemon health stats" [_thread_blocked, id=10968, stack(0x000000575cf00000,0x000000575d000000)]
  0x000001908f3d7ca0 JavaThread "Incoming local TCP Connector on port 52684" [_thread_in_native, id=12664, stack(0x000000575cb00000,0x000000575cc00000)]
  0x000001908fe6e260 JavaThread "Daemon periodic checks" [_thread_blocked, id=4644, stack(0x000000575d000000,0x000000575d100000)]
  0x000001909100bbb0 JavaThread "Daemon" [_thread_blocked, id=12908, stack(0x000000575d200000,0x000000575d300000)]
  0x000001908fb976b0 JavaThread "Handler for socket connection from /127.0.0.1:52684 to /127.0.0.1:52685" [_thread_in_native, id=2420, stack(0x000000575d300000,0x000000575d400000)]
  0x000001908fd7e4a0 JavaThread "Cancel handler" [_thread_blocked, id=9528, stack(0x000000575d100000,0x000000575d200000)]
  0x000001908fd7db00 JavaThread "Daemon worker" [_thread_blocked, id=784, stack(0x000000575d400000,0x000000575d500000)]
  0x000001908fd7be20 JavaThread "Asynchronous log dispatcher for DefaultDaemonConnection: socket connection from /127.0.0.1:52684 to /127.0.0.1:52685" [_thread_blocked, id=5320, stack(0x000000575d500000,0x000000575d600000)]
  0x000001908fd7d160 JavaThread "Stdin handler" [_thread_blocked, id=3440, stack(0x000000575d600000,0x000000575d700000)]
  0x000001908fd7dfd0 JavaThread "Daemon client event forwarder" [_thread_blocked, id=2880, stack(0x000000575d700000,0x000000575d800000)]
  0x000001908fd7b950 JavaThread "Cache worker for journal cache (C:\Users\clait\.gradle\caches\journal-1)" [_thread_blocked, id=12680, stack(0x000000575d800000,0x000000575d900000)]
  0x000001908fd7c2f0 JavaThread "File lock request listener" [_thread_in_native, id=6780, stack(0x000000575d900000,0x000000575da00000)]
  0x000001908fd7afb0 JavaThread "Cache worker for file hash cache (C:\Users\clait\.gradle\caches\8.0\fileHashes)" [_thread_blocked, id=6988, stack(0x000000575da00000,0x000000575db00000)]
  0x000001908fd7cc90 JavaThread "File watcher server" daemon [_thread_in_native, id=1640, stack(0x000000575dc00000,0x000000575dd00000)]
  0x000001908fd7b480 JavaThread "File watcher consumer" daemon [_thread_blocked, id=12224, stack(0x000000575dd00000,0x000000575de00000)]
  0x000001908fd7c7c0 JavaThread "jar transforms" [_thread_blocked, id=8044, stack(0x000000575de00000,0x000000575df00000)]
  0x000001908fd7d630 JavaThread "jar transforms Thread 2" [_thread_blocked, id=5684, stack(0x000000575df00000,0x000000575e000000)]
  0x000001908fd7aae0 JavaThread "jar transforms Thread 3" [_thread_blocked, id=10452, stack(0x000000575e000000,0x000000575e100000)]
  0x00000190ff1a0830 JavaThread "jar transforms Thread 4" [_thread_blocked, id=5144, stack(0x000000575e100000,0x000000575e200000)]
  0x00000190ff1a29e0 JavaThread "Cache worker for checksums cache (C:\Users\clait\Downloads\Cotafarm\.gradle\8.0\checksums)" [_thread_blocked, id=9640, stack(0x000000575e200000,0x000000575e300000)]
  0x00000190ff1a76e0 JavaThread "Cache worker for cache directory md-rule (C:\Users\clait\.gradle\caches\8.0\md-rule)" [_thread_blocked, id=7576, stack(0x000000575e300000,0x000000575e400000)]
  0x00000190ff1a2510 JavaThread "Cache worker for file content cache (C:\Users\clait\.gradle\caches\8.0\fileContent)" [_thread_blocked, id=9384, stack(0x000000575e400000,0x000000575e500000)]
  0x00000190ff1a0360 JavaThread "Cache worker for file hash cache (C:\Users\clait\Downloads\Cotafarm\.gradle\8.0\fileHashes)" [_thread_blocked, id=2200, stack(0x000000575e500000,0x000000575e600000)]
  0x00000190ff1a5060 JavaThread "Cache worker for cache directory md-supplier (C:\Users\clait\.gradle\caches\8.0\md-supplier)" [_thread_blocked, id=10492, stack(0x000000575e600000,0x000000575e700000)]
  0x00000190ff1a2eb0 JavaThread "Cache worker for execution history cache (C:\Users\clait\.gradle\caches\8.0\executionHistory)" [_thread_blocked, id=10804, stack(0x000000575db00000,0x000000575dc00000)]
  0x00000190917abd00 JavaThread "C2 CompilerThread1" daemon [_thread_blocked, id=9920, stack(0x000000575e700000,0x000000575e800000)]

Other Threads:
  0x00000190fdcbba30 VMThread "VM Thread" [stack: 0x000000575be00000,0x000000575bf00000] [id=792]
  0x00000190fe9e1d60 WatcherThread [stack: 0x000000575ca00000,0x000000575cb00000] [id=8152]
=>0x00000190f375cf90 GCTaskThread "GC Thread#0" [stack: 0x000000575b900000,0x000000575ba00000] [id=11840]
  0x00000190ff0756a0 GCTaskThread "GC Thread#1" [stack: 0x000000575cc00000,0x000000575cd00000] [id=8860]
  0x00000190ff19fb90 GCTaskThread "GC Thread#2" [stack: 0x000000575cd00000,0x000000575ce00000] [id=8084]
  0x00000190fed39210 GCTaskThread "GC Thread#3" [stack: 0x000000575ce00000,0x000000575cf00000] [id=5476]
  0x00000190f376dde0 ConcurrentGCThread "G1 Main Marker" [stack: 0x000000575ba00000,0x000000575bb00000] [id=7504]
  0x00000190f3770eb0 ConcurrentGCThread "G1 Conc#0" [stack: 0x000000575bb00000,0x000000575bc00000] [id=12104]
  0x00000190fdb6c130 ConcurrentGCThread "G1 Refine#0" [stack: 0x000000575bc00000,0x000000575bd00000] [id=1412]
  0x00000190fdb6da70 ConcurrentGCThread "G1 Service" [stack: 0x000000575bd00000,0x000000575be00000] [id=5244]

Threads with active compile tasks:

VM state: at safepoint (normal execution)

VM Mutex/Monitor currently owned by a thread:  ([mutex/lock_event])
[0x00000190f36fa970] Threads_lock - owner thread: 0x00000190fdcbba30
[0x00000190f36fb930] Heap_lock - owner thread: 0x000001908fd7c7c0

Heap address: 0x0000000080000000, size: 2048 MB, Compressed Oops mode: 32-bit

CDS archive(s) not mapped
Compressed class space mapped at: 0x0000000100000000-0x0000000140000000, reserved size: 1073741824
Narrow klass base: 0x0000000000000000, Narrow klass shift: 3, Narrow klass range: 0x140000000

GC Precious Log:
 CPUs: 4 total, 4 available
 Memory: 16262M
 Large Page Support: Disabled
 NUMA Support: Disabled
 Compressed Oops: Enabled (32-bit)
 Heap Region Size: 1M
 Heap Min Capacity: 8M
 Heap Initial Capacity: 256M
 Heap Max Capacity: 2G
 Pre-touch: Disabled
 Parallel Workers: 4
 Concurrent Workers: 1
 Concurrent Refinement Workers: 4
 Periodic GC: Disabled

Heap:
 garbage-first heap   total 201728K, used 174558K [0x0000000080000000, 0x0000000100000000)
  region size 1024K, 108 young (110592K), 7 survivors (7168K)
 Metaspace       used 47298K, committed 47744K, reserved 1097728K
  class space    used 6228K, committed 6400K, reserved 1048576K

Heap Regions: E=young(eden), S=young(survivor), O=old, HS=humongous(starts), HC=humongous(continues), CS=collection set, F=free, OA=open archive, CA=closed archive, TAMS=top-at-mark-start (previous, next)
|   0|0x0000000080000000, 0x0000000080100000, 0x0000000080100000|100%| O|  |TAMS 0x0000000080100000, 0x0000000080000000| Untracked 
|   1|0x0000000080100000, 0x0000000080200000, 0x0000000080200000|100%| O|  |TAMS 0x0000000080200000, 0x0000000080100000| Untracked 
|   2|0x0000000080200000, 0x0000000080300000, 0x0000000080300000|100%|HS|  |TAMS 0x0000000080300000, 0x0000000080200000| Complete 
|   3|0x0000000080300000, 0x0000000080400000, 0x0000000080400000|100%|HC|  |TAMS 0x0000000080400000, 0x0000000080300000| Complete 
|   4|0x0000000080400000, 0x0000000080500000, 0x0000000080500000|100%|HC|  |TAMS 0x0000000080500000, 0x0000000080400000| Complete 
|   5|0x0000000080500000, 0x0000000080600000, 0x0000000080600000|100%|HC|  |TAMS 0x0000000080600000, 0x0000000080500000| Complete 
|   6|0x0000000080600000, 0x0000000080700000, 0x0000000080700000|100%| O|  |TAMS 0x0000000080700000, 0x0000000080600000| Untracked 
|   7|0x0000000080700000, 0x0000000080800000, 0x0000000080800000|100%| O|  |TAMS 0x0000000080800000, 0x0000000080700000| Untracked 
|   8|0x0000000080800000, 0x0000000080900000, 0x0000000080900000|100%| O|  |TAMS 0x0000000080900000, 0x0000000080800000| Untracked 
|   9|0x0000000080900000, 0x0000000080a00000, 0x0000000080a00000|100%| O|  |TAMS 0x0000000080a00000, 0x0000000080900000| Untracked 
|  10|0x0000000080a00000, 0x0000000080b00000, 0x0000000080b00000|100%| O|  |TAMS 0x0000000080b00000, 0x0000000080a00000| Untracked 
|  11|0x0000000080b00000, 0x0000000080c00000, 0x0000000080c00000|100%| O|  |TAMS 0x0000000080c00000, 0x0000000080b00000| Untracked 
|  12|0x0000000080c00000, 0x0000000080d00000, 0x0000000080d00000|100%| O|  |TAMS 0x0000000080d00000, 0x0000000080c00000| Untracked 
|  13|0x0000000080d00000, 0x0000000080e00000, 0x0000000080e00000|100%| O|  |TAMS 0x0000000080e00000, 0x0000000080d00000| Untracked 
|  14|0x0000000080e00000, 0x0000000080f00000, 0x0000000080f00000|100%| O|  |TAMS 0x0000000080f00000, 0x0000000080e00000| Untracked 
|  15|0x0000000080f00000, 0x0000000081000000, 0x0000000081000000|100%| O|  |TAMS 0x0000000081000000, 0x0000000080f00000| Untracked 
|  16|0x0000000081000000, 0x0000000081100000, 0x0000000081100000|100%| O|  |TAMS 0x0000000081100000, 0x0000000081000000| Untracked 
|  17|0x0000000081100000, 0x0000000081200000, 0x0000000081200000|100%| O|  |TAMS 0x0000000081200000, 0x0000000081100000| Untracked 
|  18|0x0000000081200000, 0x0000000081300000, 0x0000000081300000|100%| O|  |TAMS 0x0000000081300000, 0x0000000081200000| Untracked 
|  19|0x0000000081300000, 0x0000000081400000, 0x0000000081400000|100%| O|  |TAMS 0x0000000081400000, 0x0000000081300000| Untracked 
|  20|0x0000000081400000, 0x0000000081500000, 0x0000000081500000|100%| O|  |TAMS 0x0000000081500000, 0x0000000081400000| Untracked 
|  21|0x0000000081500000, 0x0000000081600000, 0x0000000081600000|100%|HS|  |TAMS 0x0000000081600000, 0x0000000081500000| Complete 
|  22|0x0000000081600000, 0x0000000081700000, 0x0000000081700000|100%|HC|  |TAMS 0x0000000081700000, 0x0000000081600000| Complete 
|  23|0x0000000081700000, 0x0000000081800000, 0x0000000081800000|100%|HS|  |TAMS 0x0000000081800000, 0x0000000081700000| Complete 
|  24|0x0000000081800000, 0x0000000081900000, 0x0000000081900000|100%|HC|  |TAMS 0x0000000081900000, 0x0000000081800000| Complete 
|  25|0x0000000081900000, 0x0000000081a00000, 0x0000000081a00000|100%|HC|  |TAMS 0x0000000081a00000, 0x0000000081900000| Complete 
|  26|0x0000000081a00000, 0x0000000081b00000, 0x0000000081b00000|100%|HS|  |TAMS 0x0000000081b00000, 0x0000000081a00000| Complete 
|  27|0x0000000081b00000, 0x0000000081c00000, 0x0000000081c00000|100%|HC|  |TAMS 0x0000000081c00000, 0x0000000081b00000| Complete 
|  28|0x0000000081c00000, 0x0000000081d00000, 0x0000000081d00000|100%|HC|  |TAMS 0x0000000081d00000, 0x0000000081c00000| Complete 
|  29|0x0000000081d00000, 0x0000000081e00000, 0x0000000081e00000|100%|HS|  |TAMS 0x0000000081e00000, 0x0000000081d00000| Complete 
|  30|0x0000000081e00000, 0x0000000081f00000, 0x0000000081f00000|100%|HC|  |TAMS 0x0000000081f00000, 0x0000000081e00000| Complete 
|  31|0x0000000081f00000, 0x0000000082000000, 0x0000000082000000|100%|HC|  |TAMS 0x0000000082000000, 0x0000000081f00000| Complete 
|  32|0x0000000082000000, 0x0000000082100000, 0x0000000082100000|100%|HC|  |TAMS 0x0000000082100000, 0x0000000082000000| Complete 
|  33|0x0000000082100000, 0x0000000082200000, 0x0000000082200000|100%|HC|  |TAMS 0x0000000082200000, 0x0000000082100000| Complete 
|  34|0x0000000082200000, 0x0000000082300000, 0x0000000082300000|100%|HC|  |TAMS 0x0000000082300000, 0x0000000082200000| Complete 
|  35|0x0000000082300000, 0x0000000082400000, 0x0000000082400000|100%|HC|  |TAMS 0x0000000082400000, 0x0000000082300000| Complete 
|  36|0x0000000082400000, 0x0000000082500000, 0x0000000082500000|100%|HC|  |TAMS 0x0000000082500000, 0x0000000082400000| Complete 
|  37|0x0000000082500000, 0x0000000082600000, 0x0000000082600000|100%|HC|  |TAMS 0x0000000082600000, 0x0000000082500000| Complete 
|  38|0x0000000082600000, 0x0000000082700000, 0x0000000082700000|100%|HC|  |TAMS 0x0000000082700000, 0x0000000082600000| Complete 
|  39|0x0000000082700000, 0x0000000082800000, 0x0000000082800000|100%|HC|  |TAMS 0x0000000082800000, 0x0000000082700000| Complete 
|  40|0x0000000082800000, 0x0000000082900000, 0x0000000082900000|100%|HC|  |TAMS 0x0000000082900000, 0x0000000082800000| Complete 
|  41|0x0000000082900000, 0x0000000082a00000, 0x0000000082a00000|100%|HS|  |TAMS 0x0000000082a00000, 0x0000000082900000| Complete 
|  42|0x0000000082a00000, 0x0000000082b00000, 0x0000000082b00000|100%|HC|  |TAMS 0x0000000082b00000, 0x0000000082a00000| Complete 
|  43|0x0000000082b00000, 0x0000000082c00000, 0x0000000082c00000|100%| O|  |TAMS 0x0000000082c00000, 0x0000000082b00000| Untracked 
|  44|0x0000000082c00000, 0x0000000082d00000, 0x0000000082d00000|100%| O|  |TAMS 0x0000000082d00000, 0x0000000082c00000| Untracked 
|  45|0x0000000082d00000, 0x0000000082e00000, 0x0000000082e00000|100%| O|  |TAMS 0x0000000082e00000, 0x0000000082d00000| Untracked 
|  46|0x0000000082e00000, 0x0000000082f00000, 0x0000000082f00000|100%| O|  |TAMS 0x0000000082f00000, 0x0000000082e00000| Untracked 
|  47|0x0000000082f00000, 0x0000000083000000, 0x0000000083000000|100%| O|  |TAMS 0x0000000083000000, 0x0000000082f00000| Untracked 
|  48|0x0000000083000000, 0x0000000083100000, 0x0000000083100000|100%| O|  |TAMS 0x0000000083100000, 0x0000000083000000| Untracked 
|  49|0x0000000083100000, 0x0000000083200000, 0x0000000083200000|100%| O|  |TAMS 0x0000000083200000, 0x0000000083100000| Untracked 
|  50|0x0000000083200000, 0x0000000083300000, 0x0000000083300000|100%| O|  |TAMS 0x0000000083300000, 0x0000000083200000| Untracked 
|  51|0x0000000083300000, 0x0000000083400000, 0x0000000083400000|100%| O|  |TAMS 0x0000000083400000, 0x0000000083300000| Untracked 
|  52|0x0000000083400000, 0x0000000083500000, 0x0000000083500000|100%| O|  |TAMS 0x0000000083500000, 0x0000000083400000| Untracked 
|  53|0x0000000083500000, 0x0000000083600000, 0x0000000083600000|100%| O|  |TAMS 0x0000000083600000, 0x0000000083500000| Untracked 
|  54|0x0000000083600000, 0x0000000083600000, 0x0000000083700000|  0%| F|  |TAMS 0x0000000083600000, 0x0000000083600000| Untracked 
|  55|0x0000000083700000, 0x0000000083784200, 0x0000000083800000| 51%| O|  |TAMS 0x0000000083700000, 0x0000000083700000| Untracked 
|  56|0x0000000083800000, 0x0000000083800000, 0x0000000083900000|  0%| F|  |TAMS 0x0000000083800000, 0x0000000083800000| Untracked 
|  57|0x0000000083900000, 0x0000000083a00000, 0x0000000083a00000|100%| O|  |TAMS 0x0000000083a00000, 0x0000000083900000| Untracked 
|  58|0x0000000083a00000, 0x0000000083b00000, 0x0000000083b00000|100%| O|  |TAMS 0x0000000083b00000, 0x0000000083a00000| Untracked 
|  59|0x0000000083b00000, 0x0000000083c00000, 0x0000000083c00000|100%| O|  |TAMS 0x0000000083c00000, 0x0000000083b00000| Untracked 
|  60|0x0000000083c00000, 0x0000000083d00000, 0x0000000083d00000|100%| O|  |TAMS 0x0000000083d00000, 0x0000000083c00000| Untracked 
|  61|0x0000000083d00000, 0x0000000083e00000, 0x0000000083e00000|100%| O|  |TAMS 0x0000000083e00000, 0x0000000083d00000| Untracked 
|  62|0x0000000083e00000, 0x0000000083f00000, 0x0000000083f00000|100%| O|  |TAMS 0x0000000083e77000, 0x0000000083e00000| Untracked 
|  63|0x0000000083f00000, 0x0000000084000000, 0x0000000084000000|100%|HS|  |TAMS 0x0000000083f00000, 0x0000000083f00000| Complete 
|  64|0x0000000084000000, 0x0000000084100000, 0x0000000084100000|100%|HC|  |TAMS 0x0000000084000000, 0x0000000084000000| Complete 
|  65|0x0000000084100000, 0x0000000084200000, 0x0000000084200000|100%|HC|  |TAMS 0x0000000084100000, 0x0000000084100000| Complete 
|  66|0x0000000084200000, 0x0000000084200000, 0x0000000084300000|  0%| F|  |TAMS 0x0000000084200000, 0x0000000084200000| Untracked 
|  67|0x0000000084300000, 0x0000000084300000, 0x0000000084400000|  0%| F|  |TAMS 0x0000000084300000, 0x0000000084300000| Untracked 
|  68|0x0000000084400000, 0x0000000084400000, 0x0000000084500000|  0%| F|  |TAMS 0x0000000084400000, 0x0000000084400000| Untracked 
|  69|0x0000000084500000, 0x0000000084500000, 0x0000000084600000|  0%| F|  |TAMS 0x0000000084500000, 0x0000000084500000| Untracked 
|  70|0x0000000084600000, 0x0000000084600000, 0x0000000084700000|  0%| F|  |TAMS 0x0000000084600000, 0x0000000084600000| Untracked 
|  71|0x0000000084700000, 0x0000000084700000, 0x0000000084800000|  0%| F|  |TAMS 0x0000000084700000, 0x0000000084700000| Untracked 
|  72|0x0000000084800000, 0x0000000084800000, 0x0000000084900000|  0%| F|  |TAMS 0x0000000084800000, 0x0000000084800000| Untracked 
|  73|0x0000000084900000, 0x0000000084900000, 0x0000000084a00000|  0%| F|  |TAMS 0x0000000084900000, 0x0000000084900000| Untracked 
|  74|0x0000000084a00000, 0x0000000084a00000, 0x0000000084b00000|  0%| F|  |TAMS 0x0000000084a00000, 0x0000000084a00000| Untracked 
|  75|0x0000000084b00000, 0x0000000084b00000, 0x0000000084c00000|  0%| F|  |TAMS 0x0000000084b00000, 0x0000000084b00000| Untracked 
|  76|0x0000000084c00000, 0x0000000084c00000, 0x0000000084d00000|  0%| F|  |TAMS 0x0000000084c00000, 0x0000000084c00000| Untracked 
|  77|0x0000000084d00000, 0x0000000084d00000, 0x0000000084e00000|  0%| F|  |TAMS 0x0000000084d00000, 0x0000000084d00000| Untracked 
|  78|0x0000000084e00000, 0x0000000084e00000, 0x0000000084f00000|  0%| F|  |TAMS 0x0000000084e00000, 0x0000000084e00000| Untracked 
|  79|0x0000000084f00000, 0x0000000084f00000, 0x0000000085000000|  0%| F|  |TAMS 0x0000000084f00000, 0x0000000084f00000| Untracked 
|  80|0x0000000085000000, 0x0000000085000000, 0x0000000085100000|  0%| F|  |TAMS 0x0000000085000000, 0x0000000085000000| Untracked 
|  81|0x0000000085100000, 0x0000000085100000, 0x0000000085200000|  0%| F|  |TAMS 0x0000000085100000, 0x0000000085100000| Untracked 
|  82|0x0000000085200000, 0x0000000085200000, 0x0000000085300000|  0%| F|  |TAMS 0x0000000085200000, 0x0000000085200000| Untracked 
|  83|0x0000000085300000, 0x00000000853bf7a8, 0x0000000085400000| 74%| S|  |TAMS 0x0000000085300000, 0x0000000085300000| Complete 
|  84|0x0000000085400000, 0x0000000085500000, 0x0000000085500000|100%| S|  |TAMS 0x0000000085400000, 0x0000000085400000| Complete 
|  85|0x0000000085500000, 0x00000000855f36c0, 0x0000000085600000| 95%| E|CS|TAMS 0x0000000085500000, 0x0000000085500000| Complete 
|  86|0x0000000085600000, 0x0000000085700000, 0x0000000085700000|100%| E|CS|TAMS 0x0000000085600000, 0x0000000085600000| Complete 
|  87|0x0000000085700000, 0x0000000085800000, 0x0000000085800000|100%| E|CS|TAMS 0x0000000085700000, 0x0000000085700000| Complete 
|  88|0x0000000085800000, 0x0000000085900000, 0x0000000085900000|100%| E|CS|TAMS 0x0000000085800000, 0x0000000085800000| Complete 
|  89|0x0000000085900000, 0x0000000085a00000, 0x0000000085a00000|100%| E|CS|TAMS 0x0000000085900000, 0x0000000085900000| Complete 
|  90|0x0000000085a00000, 0x0000000085b00000, 0x0000000085b00000|100%| S|  |TAMS 0x0000000085a00000, 0x0000000085a00000| Complete 
|  91|0x0000000085b00000, 0x0000000085c00000, 0x0000000085c00000|100%| S|  |TAMS 0x0000000085b00000, 0x0000000085b00000| Complete 
|  92|0x0000000085c00000, 0x0000000085d00000, 0x0000000085d00000|100%| E|CS|TAMS 0x0000000085c00000, 0x0000000085c00000| Complete 
|  93|0x0000000085d00000, 0x0000000085e00000, 0x0000000085e00000|100%| S|  |TAMS 0x0000000085d00000, 0x0000000085d00000| Complete 
|  94|0x0000000085e00000, 0x0000000085f00000, 0x0000000085f00000|100%| S|  |TAMS 0x0000000085e00000, 0x0000000085e00000| Complete 
|  95|0x0000000085f00000, 0x0000000086000000, 0x0000000086000000|100%| S|  |TAMS 0x0000000085f00000, 0x0000000085f00000| Complete 
|  96|0x0000000086000000, 0x0000000086100000, 0x0000000086100000|100%| E|CS|TAMS 0x0000000086000000, 0x0000000086000000| Complete 
|  97|0x0000000086100000, 0x0000000086200000, 0x0000000086200000|100%| E|CS|TAMS 0x0000000086100000, 0x0000000086100000| Complete 
|  98|0x0000000086200000, 0x0000000086300000, 0x0000000086300000|100%| E|CS|TAMS 0x0000000086200000, 0x0000000086200000| Complete 
|  99|0x0000000086300000, 0x0000000086400000, 0x0000000086400000|100%| E|CS|TAMS 0x0000000086300000, 0x0000000086300000| Complete 
| 100|0x0000000086400000, 0x0000000086500000, 0x0000000086500000|100%| E|CS|TAMS 0x0000000086400000, 0x0000000086400000| Complete 
| 101|0x0000000086500000, 0x0000000086600000, 0x0000000086600000|100%| E|CS|TAMS 0x0000000086500000, 0x0000000086500000| Complete 
| 102|0x0000000086600000, 0x0000000086700000, 0x0000000086700000|100%| E|CS|TAMS 0x0000000086600000, 0x0000000086600000| Complete 
| 103|0x0000000086700000, 0x0000000086800000, 0x0000000086800000|100%| E|CS|TAMS 0x0000000086700000, 0x0000000086700000| Complete 
| 104|0x0000000086800000, 0x0000000086900000, 0x0000000086900000|100%| E|CS|TAMS 0x0000000086800000, 0x0000000086800000| Complete 
| 105|0x0000000086900000, 0x0000000086a00000, 0x0000000086a00000|100%| E|CS|TAMS 0x0000000086900000, 0x0000000086900000| Complete 
| 106|0x0000000086a00000, 0x0000000086b00000, 0x0000000086b00000|100%| E|CS|TAMS 0x0000000086a00000, 0x0000000086a00000| Complete 
| 107|0x0000000086b00000, 0x0000000086c00000, 0x0000000086c00000|100%| E|CS|TAMS 0x0000000086b00000, 0x0000000086b00000| Complete 
| 108|0x0000000086c00000, 0x0000000086d00000, 0x0000000086d00000|100%| E|CS|TAMS 0x0000000086c00000, 0x0000000086c00000| Complete 
| 109|0x0000000086d00000, 0x0000000086e00000, 0x0000000086e00000|100%| E|CS|TAMS 0x0000000086d00000, 0x0000000086d00000| Complete 
| 110|0x0000000086e00000, 0x0000000086f00000, 0x0000000086f00000|100%| E|CS|TAMS 0x0000000086e00000, 0x0000000086e00000| Complete 
| 111|0x0000000086f00000, 0x0000000087000000, 0x0000000087000000|100%| E|CS|TAMS 0x0000000086f00000, 0x0000000086f00000| Complete 
| 112|0x0000000087000000, 0x0000000087100000, 0x0000000087100000|100%| E|CS|TAMS 0x0000000087000000, 0x0000000087000000| Complete 
| 113|0x0000000087100000, 0x0000000087200000, 0x0000000087200000|100%| E|CS|TAMS 0x0000000087100000, 0x0000000087100000| Complete 
| 114|0x0000000087200000, 0x0000000087300000, 0x0000000087300000|100%| E|CS|TAMS 0x0000000087200000, 0x0000000087200000| Complete 
| 115|0x0000000087300000, 0x0000000087400000, 0x0000000087400000|100%| E|CS|TAMS 0x0000000087300000, 0x0000000087300000| Complete 
| 116|0x0000000087400000, 0x0000000087500000, 0x0000000087500000|100%| E|CS|TAMS 0x0000000087400000, 0x0000000087400000| Complete 
| 117|0x0000000087500000, 0x0000000087600000, 0x0000000087600000|100%| E|CS|TAMS 0x0000000087500000, 0x0000000087500000| Complete 
| 118|0x0000000087600000, 0x0000000087700000, 0x0000000087700000|100%| E|CS|TAMS 0x0000000087600000, 0x0000000087600000| Complete 
| 119|0x0000000087700000, 0x0000000087800000, 0x0000000087800000|100%| E|CS|TAMS 0x0000000087700000, 0x0000000087700000| Complete 
| 120|0x0000000087800000, 0x0000000087900000, 0x0000000087900000|100%| E|CS|TAMS 0x0000000087800000, 0x0000000087800000| Complete 
| 121|0x0000000087900000, 0x0000000087a00000, 0x0000000087a00000|100%| E|CS|TAMS 0x0000000087900000, 0x0000000087900000| Complete 
| 122|0x0000000087a00000, 0x0000000087b00000, 0x0000000087b00000|100%| E|CS|TAMS 0x0000000087a00000, 0x0000000087a00000| Complete 
| 123|0x0000000087b00000, 0x0000000087c00000, 0x0000000087c00000|100%| E|CS|TAMS 0x0000000087b00000, 0x0000000087b00000| Complete 
| 124|0x0000000087c00000, 0x0000000087d00000, 0x0000000087d00000|100%| E|CS|TAMS 0x0000000087c00000, 0x0000000087c00000| Complete 
| 125|0x0000000087d00000, 0x0000000087e00000, 0x0000000087e00000|100%| E|CS|TAMS 0x0000000087d00000, 0x0000000087d00000| Complete 
| 126|0x0000000087e00000, 0x0000000087f00000, 0x0000000087f00000|100%| E|CS|TAMS 0x0000000087e00000, 0x0000000087e00000| Complete 
| 127|0x0000000087f00000, 0x0000000088000000, 0x0000000088000000|100%| E|CS|TAMS 0x0000000087f00000, 0x0000000087f00000| Complete 
| 128|0x0000000088000000, 0x0000000088100000, 0x0000000088100000|100%| E|CS|TAMS 0x0000000088000000, 0x0000000088000000| Complete 
| 129|0x0000000088100000, 0x0000000088200000, 0x0000000088200000|100%| E|CS|TAMS 0x0000000088100000, 0x0000000088100000| Complete 
| 130|0x0000000088200000, 0x0000000088300000, 0x0000000088300000|100%| E|CS|TAMS 0x0000000088200000, 0x0000000088200000| Complete 
| 131|0x0000000088300000, 0x0000000088400000, 0x0000000088400000|100%| E|CS|TAMS 0x0000000088300000, 0x0000000088300000| Complete 
| 132|0x0000000088400000, 0x0000000088500000, 0x0000000088500000|100%| E|CS|TAMS 0x0000000088400000, 0x0000000088400000| Complete 
| 133|0x0000000088500000, 0x0000000088600000, 0x0000000088600000|100%| E|CS|TAMS 0x0000000088500000, 0x0000000088500000| Complete 
| 134|0x0000000088600000, 0x0000000088700000, 0x0000000088700000|100%| E|CS|TAMS 0x0000000088600000, 0x0000000088600000| Complete 
| 135|0x0000000088700000, 0x0000000088800000, 0x0000000088800000|100%| E|CS|TAMS 0x0000000088700000, 0x0000000088700000| Complete 
| 136|0x0000000088800000, 0x0000000088900000, 0x0000000088900000|100%| E|CS|TAMS 0x0000000088800000, 0x0000000088800000| Complete 
| 137|0x0000000088900000, 0x0000000088a00000, 0x0000000088a00000|100%| E|CS|TAMS 0x0000000088900000, 0x0000000088900000| Complete 
| 138|0x0000000088a00000, 0x0000000088b00000, 0x0000000088b00000|100%| E|CS|TAMS 0x0000000088a00000, 0x0000000088a00000| Complete 
| 139|0x0000000088b00000, 0x0000000088c00000, 0x0000000088c00000|100%| E|CS|TAMS 0x0000000088b00000, 0x0000000088b00000| Complete 
| 140|0x0000000088c00000, 0x0000000088d00000, 0x0000000088d00000|100%| E|CS|TAMS 0x0000000088c00000, 0x0000000088c00000| Complete 
| 141|0x0000000088d00000, 0x0000000088e00000, 0x0000000088e00000|100%| E|CS|TAMS 0x0000000088d00000, 0x0000000088d00000| Complete 
| 142|0x0000000088e00000, 0x0000000088f00000, 0x0000000088f00000|100%| E|CS|TAMS 0x0000000088e00000, 0x0000000088e00000| Complete 
| 143|0x0000000088f00000, 0x0000000089000000, 0x0000000089000000|100%| E|CS|TAMS 0x0000000088f00000, 0x0000000088f00000| Complete 
| 144|0x0000000089000000, 0x0000000089100000, 0x0000000089100000|100%| E|CS|TAMS 0x0000000089000000, 0x0000000089000000| Complete 
| 145|0x0000000089100000, 0x0000000089200000, 0x0000000089200000|100%| E|CS|TAMS 0x0000000089100000, 0x0000000089100000| Complete 
| 146|0x0000000089200000, 0x0000000089300000, 0x0000000089300000|100%| E|CS|TAMS 0x0000000089200000, 0x0000000089200000| Complete 
| 147|0x0000000089300000, 0x0000000089400000, 0x0000000089400000|100%| E|CS|TAMS 0x0000000089300000, 0x0000000089300000| Complete 
| 148|0x0000000089400000, 0x0000000089500000, 0x0000000089500000|100%| E|CS|TAMS 0x0000000089400000, 0x0000000089400000| Complete 
| 149|0x0000000089500000, 0x0000000089600000, 0x0000000089600000|100%| E|CS|TAMS 0x0000000089500000, 0x0000000089500000| Complete 
| 150|0x0000000089600000, 0x0000000089700000, 0x0000000089700000|100%| E|CS|TAMS 0x0000000089600000, 0x0000000089600000| Complete 
| 151|0x0000000089700000, 0x0000000089800000, 0x0000000089800000|100%| E|CS|TAMS 0x0000000089700000, 0x0000000089700000| Complete 
| 152|0x0000000089800000, 0x0000000089900000, 0x0000000089900000|100%| E|CS|TAMS 0x0000000089800000, 0x0000000089800000| Complete 
| 153|0x0000000089900000, 0x0000000089a00000, 0x0000000089a00000|100%| E|CS|TAMS 0x0000000089900000, 0x0000000089900000| Complete 
| 154|0x0000000089a00000, 0x0000000089b00000, 0x0000000089b00000|100%| E|CS|TAMS 0x0000000089a00000, 0x0000000089a00000| Complete 
| 155|0x0000000089b00000, 0x0000000089c00000, 0x0000000089c00000|100%| E|CS|TAMS 0x0000000089b00000, 0x0000000089b00000| Complete 
| 156|0x0000000089c00000, 0x0000000089d00000, 0x0000000089d00000|100%| E|CS|TAMS 0x0000000089c00000, 0x0000000089c00000| Complete 
| 157|0x0000000089d00000, 0x0000000089e00000, 0x0000000089e00000|100%| E|CS|TAMS 0x0000000089d00000, 0x0000000089d00000| Complete 
| 158|0x0000000089e00000, 0x0000000089f00000, 0x0000000089f00000|100%| E|CS|TAMS 0x0000000089e00000, 0x0000000089e00000| Complete 
| 159|0x0000000089f00000, 0x000000008a000000, 0x000000008a000000|100%| E|CS|TAMS 0x0000000089f00000, 0x0000000089f00000| Complete 
| 160|0x000000008a000000, 0x000000008a100000, 0x000000008a100000|100%| E|CS|TAMS 0x000000008a000000, 0x000000008a000000| Complete 
| 161|0x000000008a100000, 0x000000008a200000, 0x000000008a200000|100%| E|CS|TAMS 0x000000008a100000, 0x000000008a100000| Complete 
| 162|0x000000008a200000, 0x000000008a300000, 0x000000008a300000|100%| E|CS|TAMS 0x000000008a200000, 0x000000008a200000| Complete 
| 163|0x000000008a300000, 0x000000008a400000, 0x000000008a400000|100%| E|CS|TAMS 0x000000008a300000, 0x000000008a300000| Complete 
| 164|0x000000008a400000, 0x000000008a500000, 0x000000008a500000|100%| E|CS|TAMS 0x000000008a400000, 0x000000008a400000| Complete 
| 165|0x000000008a500000, 0x000000008a600000, 0x000000008a600000|100%| E|CS|TAMS 0x000000008a500000, 0x000000008a500000| Complete 
| 166|0x000000008a600000, 0x000000008a700000, 0x000000008a700000|100%| E|CS|TAMS 0x000000008a600000, 0x000000008a600000| Complete 
| 167|0x000000008a700000, 0x000000008a800000, 0x000000008a800000|100%| E|CS|TAMS 0x000000008a700000, 0x000000008a700000| Complete 
| 168|0x000000008a800000, 0x000000008a900000, 0x000000008a900000|100%| E|CS|TAMS 0x000000008a800000, 0x000000008a800000| Complete 
| 169|0x000000008a900000, 0x000000008aa00000, 0x000000008aa00000|100%| E|CS|TAMS 0x000000008a900000, 0x000000008a900000| Complete 
| 170|0x000000008aa00000, 0x000000008ab00000, 0x000000008ab00000|100%| E|CS|TAMS 0x000000008aa00000, 0x000000008aa00000| Complete 
| 171|0x000000008ab00000, 0x000000008ac00000, 0x000000008ac00000|100%| E|CS|TAMS 0x000000008ab00000, 0x000000008ab00000| Complete 
| 172|0x000000008ac00000, 0x000000008ad00000, 0x000000008ad00000|100%| E|CS|TAMS 0x000000008ac00000, 0x000000008ac00000| Complete 
| 173|0x000000008ad00000, 0x000000008ae00000, 0x000000008ae00000|100%| E|CS|TAMS 0x000000008ad00000, 0x000000008ad00000| Complete 
| 174|0x000000008ae00000, 0x000000008af00000, 0x000000008af00000|100%| E|CS|TAMS 0x000000008ae00000, 0x000000008ae00000| Complete 
| 175|0x000000008af00000, 0x000000008b000000, 0x000000008b000000|100%| E|CS|TAMS 0x000000008af00000, 0x000000008af00000| Complete 
| 176|0x000000008b000000, 0x000000008b100000, 0x000000008b100000|100%| E|CS|TAMS 0x000000008b000000, 0x000000008b000000| Complete 
| 177|0x000000008b100000, 0x000000008b200000, 0x000000008b200000|100%| E|CS|TAMS 0x000000008b100000, 0x000000008b100000| Complete 
| 178|0x000000008b200000, 0x000000008b300000, 0x000000008b300000|100%| E|CS|TAMS 0x000000008b200000, 0x000000008b200000| Complete 
| 179|0x000000008b300000, 0x000000008b400000, 0x000000008b400000|100%| E|CS|TAMS 0x000000008b300000, 0x000000008b300000| Complete 
| 180|0x000000008b400000, 0x000000008b500000, 0x000000008b500000|100%| E|CS|TAMS 0x000000008b400000, 0x000000008b400000| Complete 
| 181|0x000000008b500000, 0x000000008b600000, 0x000000008b600000|100%| E|CS|TAMS 0x000000008b500000, 0x000000008b500000| Complete 
| 182|0x000000008b600000, 0x000000008b700000, 0x000000008b700000|100%| E|CS|TAMS 0x000000008b600000, 0x000000008b600000| Complete 
| 183|0x000000008b700000, 0x000000008b800000, 0x000000008b800000|100%| E|CS|TAMS 0x000000008b700000, 0x000000008b700000| Complete 
| 184|0x000000008b800000, 0x000000008b900000, 0x000000008b900000|100%| E|CS|TAMS 0x000000008b800000, 0x000000008b800000| Complete 
| 185|0x000000008b900000, 0x000000008ba00000, 0x000000008ba00000|100%| E|CS|TAMS 0x000000008b900000, 0x000000008b900000| Complete 
| 186|0x000000008ba00000, 0x000000008bb00000, 0x000000008bb00000|100%| E|CS|TAMS 0x000000008ba00000, 0x000000008ba00000| Complete 
| 187|0x000000008bb00000, 0x000000008bc00000, 0x000000008bc00000|100%| E|CS|TAMS 0x000000008bb00000, 0x000000008bb00000| Complete 
| 206|0x000000008ce00000, 0x000000008cf00000, 0x000000008cf00000|100%| E|CS|TAMS 0x000000008ce00000, 0x000000008ce00000| Complete 
| 207|0x000000008cf00000, 0x000000008d000000, 0x000000008d000000|100%| E|CS|TAMS 0x000000008cf00000, 0x000000008cf00000| Complete 
| 208|0x000000008d000000, 0x000000008d100000, 0x000000008d100000|100%| E|CS|TAMS 0x000000008d000000, 0x000000008d000000| Complete 
| 209|0x000000008d100000, 0x000000008d200000, 0x000000008d200000|100%| E|CS|TAMS 0x000000008d100000, 0x000000008d100000| Complete 
| 210|0x000000008d200000, 0x000000008d300000, 0x000000008d300000|100%| E|CS|TAMS 0x000000008d200000, 0x000000008d200000| Complete 
| 211|0x000000008d300000, 0x000000008d400000, 0x000000008d400000|100%| E|CS|TAMS 0x000000008d300000, 0x000000008d300000| Complete 
| 212|0x000000008d400000, 0x000000008d500000, 0x000000008d500000|100%| E|CS|TAMS 0x000000008d400000, 0x000000008d400000| Complete 
| 213|0x000000008d500000, 0x000000008d600000, 0x000000008d600000|100%| E|CS|TAMS 0x000000008d500000, 0x000000008d500000| Complete 
| 255|0x000000008ff00000, 0x0000000090000000, 0x0000000090000000|100%| E|CS|TAMS 0x000000008ff00000, 0x000000008ff00000| Complete 

Card table byte_map: [0x00000190f6fd0000,0x00000190f73d0000] _byte_map_base: 0x00000190f6bd0000

Marking Bits (Prev, Next): (CMBitMap*) 0x00000190f375d4b0, (CMBitMap*) 0x00000190f375d4f0
 Prev Bits: [0x00000190f77d0000, 0x00000190f97d0000)
 Next Bits: [0x00000190f97d0000, 0x00000190fb7d0000)

Polling page: 0x00000190f1510000

Metaspace:

Usage:
  Non-class:     40.11 MB used.
      Class:      6.08 MB used.
       Both:     46.19 MB used.

Virtual space:
  Non-class space:       48.00 MB reserved,      40.38 MB ( 84%) committed,  6 nodes.
      Class space:        1.00 GB reserved,       6.25 MB ( <1%) committed,  1 nodes.
             Both:        1.05 GB reserved,      46.62 MB (  4%) committed. 

Chunk freelists:
   Non-Class:  2.74 MB
       Class:  1.57 MB
        Both:  4.31 MB

MaxMetaspaceSize: unlimited
CompressedClassSpaceSize: 1.00 GB
Initial GC threshold: 21.00 MB
Current GC threshold: 77.44 MB
CDS: off
MetaspaceReclaimPolicy: balanced
 - commit_granule_bytes: 65536.
 - commit_granule_words: 8192.
 - virtual_space_node_default_size: 1048576.
 - enlarge_chunks_in_place: 1.
 - new_chunks_are_fully_committed: 0.
 - uncommit_free_chunks: 1.
 - use_allocation_guard: 0.
 - handle_deallocations: 1.


Internal statistics:

num_allocs_failed_limit: 3.
num_arena_births: 448.
num_arena_deaths: 8.
num_vsnodes_births: 7.
num_vsnodes_deaths: 0.
num_space_committed: 746.
num_space_uncommitted: 0.
num_chunks_returned_to_freelist: 12.
num_chunks_taken_from_freelist: 1890.
num_chunk_merges: 5.
num_chunk_splits: 1238.
num_chunks_enlarged: 844.
num_purges: 2.
num_inconsistent_stats: 0.

CodeHeap 'non-profiled nmethods': size=120000Kb used=4659Kb max_used=4659Kb free=115341Kb
 bounds [0x0000019087ad0000, 0x0000019087f60000, 0x000001908f000000]
CodeHeap 'profiled nmethods': size=120000Kb used=8924Kb max_used=10342Kb free=111075Kb
 bounds [0x0000019080000000, 0x0000019080a30000, 0x0000019087530000]
CodeHeap 'non-nmethods': size=5760Kb used=2298Kb max_used=2416Kb free=3461Kb
 bounds [0x0000019087530000, 0x00000190877a0000, 0x0000019087ad0000]
 total_blobs=5239 nmethods=4428 adapters=723
 compilation: enabled
              stopped_count=0, restarted_count=0
 full_count=0

Compilation events (20 events):
Event: 31.846 Thread 0x00000190917abd00 nmethod 5230 0x0000019087f41d90 code [0x0000019087f41f00, 0x0000019087f41f78]
Event: 31.855 Thread 0x00000190917abd00 5231       4       com.google.common.hash.AbstractHashFunction::hashBytes (28 bytes)
Event: 31.864 Thread 0x00000190917abd00 nmethod 5231 0x0000019087f42090 code [0x0000019087f42260, 0x0000019087f42788]
Event: 31.864 Thread 0x00000190917abd00 5232       4       com.google.common.hash.ChecksumHashFunction::newHasher (22 bytes)
Event: 31.867 Thread 0x00000190917abd00 nmethod 5232 0x0000019087f42d90 code [0x0000019087f42f40, 0x0000019087f43108]
Event: 31.867 Thread 0x00000190917abd00 5233       4       com.google.common.hash.Hashing$ChecksumType$1::get (5 bytes)
Event: 31.868 Thread 0x00000190917abd00 nmethod 5233 0x0000019087f43310 code [0x0000019087f434a0, 0x0000019087f43578]
Event: 32.150 Thread 0x00000190917abd00 5234       4       org.gradle.internal.classpath.ClasspathBuilder$ZipEntryBuilder::configureCompression (44 bytes)
Event: 32.161 Thread 0x00000190917abd00 nmethod 5234 0x0000019087f43610 code [0x0000019087f437e0, 0x0000019087f43be8]
Event: 32.167 Thread 0x00000190917abd00 5235       4       com.google.common.io.ByteStreams::readFully (61 bytes)
Event: 32.173 Thread 0x00000190917abd00 nmethod 5235 0x0000019087f44190 code [0x0000019087f44320, 0x0000019087f44608]
Event: 32.175 Thread 0x00000190917abd00 5236       4       java.nio.ByteBuffer::allocate (20 bytes)
Event: 32.180 Thread 0x00000190917abd00 nmethod 5236 0x0000019087f44990 code [0x0000019087f44b20, 0x0000019087f44db8]
Event: 32.268 Thread 0x00000190fe86b9e0 nmethod 5207 0x0000019087f44f10 code [0x0000019087f45820, 0x0000019087f4f258]
Event: 32.468 Thread 0x00000190917abd00 5237       4       org.objectweb.asm.ClassReader::readElementValue (1237 bytes)
Event: 32.515 Thread 0x00000190fe86b9e0 5238       4       com.google.common.hash.ChecksumHashFunction$ChecksumHasher::<init> (7 bytes)
Event: 32.524 Thread 0x00000190fe86b9e0 nmethod 5238 0x0000019087f57b90 code [0x0000019087f57d20, 0x0000019087f581f8]
Event: 32.630 Thread 0x00000190917abd00 nmethod 5237 0x0000019087f58410 code [0x0000019087f58940, 0x0000019087f5b258]
Event: 32.705 Thread 0x00000190fe86d2d0 5239       3       org.gradle.model.internal.asm.MethodVisitorScope::_INVOKESPECIAL (9 bytes)
Event: 32.706 Thread 0x00000190fe86d2d0 nmethod 5239 0x0000019080903190 code [0x0000019080903320, 0x00000190809034e8]

GC Heap History (20 events):
Event: 26.954 GC heap after
{Heap after GC invocations=38 (full 0):
 garbage-first heap   total 167936K, used 66029K [0x0000000080000000, 0x0000000100000000)
  region size 1024K, 5 young (5120K), 5 survivors (5120K)
 Metaspace       used 47141K, committed 47552K, reserved 1097728K
  class space    used 6201K, committed 6400K, reserved 1048576K
}
Event: 28.019 GC heap before
{Heap before GC invocations=38 (full 0):
 garbage-first heap   total 167936K, used 143853K [0x0000000080000000, 0x0000000100000000)
  region size 1024K, 82 young (83968K), 5 survivors (5120K)
 Metaspace       used 47295K, committed 47744K, reserved 1097728K
  class space    used 6228K, committed 6400K, reserved 1048576K
}
Event: 28.026 GC heap after
{Heap after GC invocations=39 (full 0):
 garbage-first heap   total 167936K, used 64307K [0x0000000080000000, 0x0000000100000000)
  region size 1024K, 3 young (3072K), 3 survivors (3072K)
 Metaspace       used 47295K, committed 47744K, reserved 1097728K
  class space    used 6228K, committed 6400K, reserved 1048576K
}
Event: 28.437 GC heap before
{Heap before GC invocations=39 (full 0):
 garbage-first heap   total 167936K, used 152371K [0x0000000080000000, 0x0000000100000000)
  region size 1024K, 83 young (84992K), 3 survivors (3072K)
 Metaspace       used 47295K, committed 47744K, reserved 1097728K
  class space    used 6228K, committed 6400K, reserved 1048576K
}
Event: 28.440 GC heap after
{Heap after GC invocations=40 (full 0):
 garbage-first heap   total 167936K, used 67720K [0x0000000080000000, 0x0000000100000000)
  region size 1024K, 4 young (4096K), 4 survivors (4096K)
 Metaspace       used 47295K, committed 47744K, reserved 1097728K
  class space    used 6228K, committed 6400K, reserved 1048576K
}
Event: 29.065 GC heap before
{Heap before GC invocations=40 (full 0):
 garbage-first heap   total 167936K, used 145544K [0x0000000080000000, 0x0000000100000000)
  region size 1024K, 80 young (81920K), 4 survivors (4096K)
 Metaspace       used 47295K, committed 47744K, reserved 1097728K
  class space    used 6228K, committed 6400K, reserved 1048576K
}
Event: 29.071 GC heap after
{Heap after GC invocations=41 (full 0):
 garbage-first heap   total 167936K, used 68727K [0x0000000080000000, 0x0000000100000000)
  region size 1024K, 5 young (5120K), 5 survivors (5120K)
 Metaspace       used 47295K, committed 47744K, reserved 1097728K
  class space    used 6228K, committed 6400K, reserved 1048576K
}
Event: 29.439 GC heap before
{Heap before GC invocations=41 (full 0):
 garbage-first heap   total 167936K, used 143479K [0x0000000080000000, 0x0000000100000000)
  region size 1024K, 79 young (80896K), 5 survivors (5120K)
 Metaspace       used 47295K, committed 47744K, reserved 1097728K
  class space    used 6228K, committed 6400K, reserved 1048576K
}
Event: 29.443 GC heap after
{Heap after GC invocations=42 (full 0):
 garbage-first heap   total 167936K, used 68893K [0x0000000080000000, 0x0000000100000000)
  region size 1024K, 5 young (5120K), 5 survivors (5120K)
 Metaspace       used 47295K, committed 47744K, reserved 1097728K
  class space    used 6228K, committed 6400K, reserved 1048576K
}
Event: 29.896 GC heap before
{Heap before GC invocations=42 (full 0):
 garbage-first heap   total 167936K, used 143645K [0x0000000080000000, 0x0000000100000000)
  region size 1024K, 79 young (80896K), 5 survivors (5120K)
 Metaspace       used 47297K, committed 47744K, reserved 1097728K
  class space    used 6228K, committed 6400K, reserved 1048576K
}
Event: 29.902 GC heap after
{Heap after GC invocations=43 (full 0):
 garbage-first heap   total 167936K, used 68223K [0x0000000080000000, 0x0000000100000000)
  region size 1024K, 4 young (4096K), 4 survivors (4096K)
 Metaspace       used 47297K, committed 47744K, reserved 1097728K
  class space    used 6228K, committed 6400K, reserved 1048576K
}
Event: 30.298 GC heap before
{Heap before GC invocations=43 (full 0):
 garbage-first heap   total 167936K, used 146047K [0x0000000080000000, 0x0000000100000000)
  region size 1024K, 80 young (81920K), 4 survivors (4096K)
 Metaspace       used 47297K, committed 47744K, reserved 1097728K
  class space    used 6228K, committed 6400K, reserved 1048576K
}
Event: 30.302 GC heap after
{Heap after GC invocations=44 (full 0):
 garbage-first heap   total 167936K, used 69082K [0x0000000080000000, 0x0000000100000000)
  region size 1024K, 5 young (5120K), 5 survivors (5120K)
 Metaspace       used 47297K, committed 47744K, reserved 1097728K
  class space    used 6228K, committed 6400K, reserved 1048576K
}
Event: 30.742 GC heap before
{Heap before GC invocations=44 (full 0):
 garbage-first heap   total 167936K, used 144858K [0x0000000080000000, 0x0000000100000000)
  region size 1024K, 79 young (80896K), 5 survivors (5120K)
 Metaspace       used 47298K, committed 47744K, reserved 1097728K
  class space    used 6228K, committed 6400K, reserved 1048576K
}
Event: 30.747 GC heap after
{Heap after GC invocations=45 (full 0):
 garbage-first heap   total 167936K, used 69810K [0x0000000080000000, 0x0000000100000000)
  region size 1024K, 6 young (6144K), 6 survivors (6144K)
 Metaspace       used 47298K, committed 47744K, reserved 1097728K
  class space    used 6228K, committed 6400K, reserved 1048576K
}
Event: 31.306 GC heap before
{Heap before GC invocations=45 (full 0):
 garbage-first heap   total 167936K, used 143538K [0x0000000080000000, 0x0000000100000000)
  region size 1024K, 78 young (79872K), 6 survivors (6144K)
 Metaspace       used 47298K, committed 47744K, reserved 1097728K
  class space    used 6228K, committed 6400K, reserved 1048576K
}
Event: 31.313 GC heap after
{Heap after GC invocations=46 (full 0):
 garbage-first heap   total 167936K, used 70627K [0x0000000080000000, 0x0000000100000000)
  region size 1024K, 6 young (6144K), 6 survivors (6144K)
 Metaspace       used 47298K, committed 47744K, reserved 1097728K
  class space    used 6228K, committed 6400K, reserved 1048576K
}
Event: 32.076 GC heap before
{Heap before GC invocations=46 (full 0):
 garbage-first heap   total 167936K, used 143331K [0x0000000080000000, 0x0000000100000000)
  region size 1024K, 77 young (78848K), 6 survivors (6144K)
 Metaspace       used 47298K, committed 47744K, reserved 1097728K
  class space    used 6228K, committed 6400K, reserved 1048576K
}
Event: 32.082 GC heap after
{Heap after GC invocations=47 (full 0):
 garbage-first heap   total 201728K, used 71134K [0x0000000080000000, 0x0000000100000000)
  region size 1024K, 6 young (6144K), 6 survivors (6144K)
 Metaspace       used 47298K, committed 47744K, reserved 1097728K
  class space    used 6228K, committed 6400K, reserved 1048576K
}
Event: 32.764 GC heap before
{Heap before GC invocations=47 (full 0):
 garbage-first heap   total 201728K, used 174558K [0x0000000080000000, 0x0000000100000000)
  region size 1024K, 107 young (109568K), 6 survivors (6144K)
 Metaspace       used 47298K, committed 47744K, reserved 1097728K
  class space    used 6228K, committed 6400K, reserved 1048576K
}

Dll operation events (2 events):
Event: 0.012 Loaded shared library C:\Program Files\Android\Android Studio\jbr\bin\java.dll
Event: 0.920 Loaded shared library C:\Program Files\Android\Android Studio\jbr\bin\verify.dll

Deoptimization events (20 events):
Event: 30.971 Thread 0x000001908fd7c7c0 Uncommon trap: trap_request=0xffffffde fr.pc=0x0000019087eed6f8 relative=0x0000000000007ad8
Event: 30.971 Thread 0x000001908fd7c7c0 Uncommon trap: reason=class_check action=maybe_recompile pc=0x0000019087eed6f8 method=org.objectweb.asm.ClassReader.readCode(Lorg/objectweb/asm/MethodVisitor;Lorg/objectweb/asm/Context;I)V @ 3966 c2
Event: 30.971 Thread 0x000001908fd7c7c0 DEOPT PACKING pc=0x0000019087eed6f8 sp=0x000000575defe900
Event: 30.971 Thread 0x000001908fd7c7c0 DEOPT UNPACKING pc=0x00000190875869a3 sp=0x000000575defe860 mode 2
Event: 30.973 Thread 0x000001908fd7c7c0 Uncommon trap: trap_request=0xffffffde fr.pc=0x0000019087eed6f8 relative=0x0000000000007ad8
Event: 30.973 Thread 0x000001908fd7c7c0 Uncommon trap: reason=class_check action=maybe_recompile pc=0x0000019087eed6f8 method=org.objectweb.asm.ClassReader.readCode(Lorg/objectweb/asm/MethodVisitor;Lorg/objectweb/asm/Context;I)V @ 3966 c2
Event: 30.973 Thread 0x000001908fd7c7c0 DEOPT PACKING pc=0x0000019087eed6f8 sp=0x000000575defe900
Event: 30.973 Thread 0x000001908fd7c7c0 DEOPT UNPACKING pc=0x00000190875869a3 sp=0x000000575defe860 mode 2
Event: 30.976 Thread 0x000001908fd7c7c0 Uncommon trap: trap_request=0xffffffde fr.pc=0x0000019087eed6f8 relative=0x0000000000007ad8
Event: 30.976 Thread 0x000001908fd7c7c0 Uncommon trap: reason=class_check action=maybe_recompile pc=0x0000019087eed6f8 method=org.objectweb.asm.ClassReader.readCode(Lorg/objectweb/asm/MethodVisitor;Lorg/objectweb/asm/Context;I)V @ 3966 c2
Event: 30.976 Thread 0x000001908fd7c7c0 DEOPT PACKING pc=0x0000019087eed6f8 sp=0x000000575defe900
Event: 30.976 Thread 0x000001908fd7c7c0 DEOPT UNPACKING pc=0x00000190875869a3 sp=0x000000575defe860 mode 2
Event: 30.976 Thread 0x000001908fd7c7c0 Uncommon trap: trap_request=0xffffffde fr.pc=0x0000019087e44320 relative=0x00000000000077e0
Event: 30.976 Thread 0x000001908fd7c7c0 Uncommon trap: reason=class_check action=maybe_recompile pc=0x0000019087e44320 method=org.objectweb.asm.ClassReader.readCode(Lorg/objectweb/asm/MethodVisitor;Lorg/objectweb/asm/Context;I)V @ 3966 c2
Event: 30.976 Thread 0x000001908fd7c7c0 DEOPT PACKING pc=0x0000019087e44320 sp=0x000000575defe8f0
Event: 30.976 Thread 0x000001908fd7c7c0 DEOPT UNPACKING pc=0x00000190875869a3 sp=0x000000575defe860 mode 2
Event: 31.681 Thread 0x000001908fd7c7c0 Uncommon trap: trap_request=0xffffffe4 fr.pc=0x0000019087f1780c relative=0x0000000000001c0c
Event: 31.681 Thread 0x000001908fd7c7c0 Uncommon trap: reason=range_check action=make_not_entrant pc=0x0000019087f1780c method=org.objectweb.asm.ClassReader.readUnsignedShort(I)I @ 19 c2
Event: 31.681 Thread 0x000001908fd7c7c0 DEOPT PACKING pc=0x0000019087f1780c sp=0x000000575defea90
Event: 31.681 Thread 0x000001908fd7c7c0 DEOPT UNPACKING pc=0x00000190875869a3 sp=0x000000575defe9b0 mode 2

Classes unloaded (4 events):
Event: 11.924 Thread 0x00000190fdcbba30 Unloading class 0x0000000100419c00 'java/lang/invoke/LambdaForm$MH+0x0000000100419c00'
Event: 11.924 Thread 0x00000190fdcbba30 Unloading class 0x0000000100419800 'java/lang/invoke/LambdaForm$DMH+0x0000000100419800'
Event: 11.924 Thread 0x00000190fdcbba30 Unloading class 0x0000000100418c00 'java/lang/invoke/LambdaForm$DMH+0x0000000100418c00'
Event: 11.924 Thread 0x00000190fdcbba30 Unloading class 0x0000000100418400 'java/lang/invoke/LambdaForm$DMH+0x0000000100418400'

Classes redefined (0 events):
No events

Internal exceptions (20 events):
Event: 27.751 Thread 0x000001908fd7db00 Exception <a 'java/lang/ClassNotFoundException'{0x0000000088449a10}: ijinit_3pem85f1azulg85mslgo98nia$_run_closure1Customizer> (0x0000000088449a10) 
thrown [s\src\hotspot\share\classfile\systemDictionary.cpp, line 256]
Event: 27.779 Thread 0x00000190ff1a0830 Exception <a 'sun/nio/fs/WindowsException'{0x00000000884b6e08}> (0x00000000884b6e08) 
thrown [s\src\hotspot\share\prims\jni.cpp, line 517]
Event: 27.794 Thread 0x000001908fd7aae0 Exception <a 'sun/nio/fs/WindowsException'{0x00000000887497c8}> (0x00000000887497c8) 
thrown [s\src\hotspot\share\prims\jni.cpp, line 517]
Event: 27.796 Thread 0x000001908fd7d630 Exception <a 'sun/nio/fs/WindowsException'{0x00000000883eddc0}> (0x00000000883eddc0) 
thrown [s\src\hotspot\share\prims\jni.cpp, line 517]
Event: 27.797 Thread 0x000001908fd7c7c0 Exception <a 'sun/nio/fs/WindowsException'{0x000000008825ed20}> (0x000000008825ed20) 
thrown [s\src\hotspot\share\prims\jni.cpp, line 517]
Event: 27.843 Thread 0x000001908fd7aae0 Exception <a 'sun/nio/fs/WindowsException'{0x000000008786ef58}> (0x000000008786ef58) 
thrown [s\src\hotspot\share\prims\jni.cpp, line 517]
Event: 27.843 Thread 0x000001908fd7aae0 Exception <a 'sun/nio/fs/WindowsException'{0x000000008786f108}> (0x000000008786f108) 
thrown [s\src\hotspot\share\prims\jni.cpp, line 517]
Event: 27.878 Thread 0x000001908fd7c7c0 Exception <a 'sun/nio/fs/WindowsException'{0x00000000871be308}> (0x00000000871be308) 
thrown [s\src\hotspot\share\prims\jni.cpp, line 517]
Event: 27.912 Thread 0x000001908fd7c7c0 Exception <a 'sun/nio/fs/WindowsException'{0x00000000871be4d0}> (0x00000000871be4d0) 
thrown [s\src\hotspot\share\prims\jni.cpp, line 517]
Event: 27.917 Thread 0x000001908fd7aae0 Exception <a 'sun/nio/fs/WindowsException'{0x000000008788e850}> (0x000000008788e850) 
thrown [s\src\hotspot\share\prims\jni.cpp, line 517]
Event: 27.957 Thread 0x000001908fd7c7c0 Exception <a 'sun/nio/fs/WindowsException'{0x0000000086203560}> (0x0000000086203560) 
thrown [s\src\hotspot\share\prims\jni.cpp, line 517]
Event: 27.966 Thread 0x000001908fd7c7c0 Exception <a 'sun/nio/fs/WindowsException'{0x00000000861cee80}> (0x00000000861cee80) 
thrown [s\src\hotspot\share\prims\jni.cpp, line 517]
Event: 27.967 Thread 0x000001908fd7c7c0 Exception <a 'sun/nio/fs/WindowsException'{0x00000000861cf020}> (0x00000000861cf020) 
thrown [s\src\hotspot\share\prims\jni.cpp, line 517]
Event: 28.109 Thread 0x000001908fd7aae0 Exception <a 'sun/nio/fs/WindowsException'{0x00000000894dc9c8}> (0x00000000894dc9c8) 
thrown [s\src\hotspot\share\prims\jni.cpp, line 517]
Event: 28.132 Thread 0x000001908fd7aae0 Exception <a 'sun/nio/fs/WindowsException'{0x00000000894dcb90}> (0x00000000894dcb90) 
thrown [s\src\hotspot\share\prims\jni.cpp, line 517]
Event: 28.132 Thread 0x000001908fd7c7c0 Exception <a 'sun/nio/fs/WindowsException'{0x0000000088f9d8a8}> (0x0000000088f9d8a8) 
thrown [s\src\hotspot\share\prims\jni.cpp, line 517]
Event: 28.390 Thread 0x00000190ff1a0830 Exception <a 'sun/nio/fs/WindowsException'{0x0000000085f47a78}> (0x0000000085f47a78) 
thrown [s\src\hotspot\share\prims\jni.cpp, line 517]
Event: 28.391 Thread 0x00000190ff1a0830 Exception <a 'sun/nio/fs/WindowsException'{0x0000000085f47bf0}> (0x0000000085f47bf0) 
thrown [s\src\hotspot\share\prims\jni.cpp, line 517]
Event: 29.534 Thread 0x000001908fd7d630 Exception <a 'sun/nio/fs/WindowsException'{0x0000000089a766c0}> (0x0000000089a766c0) 
thrown [s\src\hotspot\share\prims\jni.cpp, line 517]
Event: 29.615 Thread 0x000001908fd7d630 Exception <a 'sun/nio/fs/WindowsException'{0x0000000089a76870}> (0x0000000089a76870) 
thrown [s\src\hotspot\share\prims\jni.cpp, line 517]

VM Operations (20 events):
Event: 27.190 Executing VM operation: HandshakeAllThreads done
Event: 28.019 Executing VM operation: G1CollectForAllocation
Event: 28.031 Executing VM operation: G1CollectForAllocation done
Event: 28.437 Executing VM operation: G1CollectForAllocation
Event: 28.440 Executing VM operation: G1CollectForAllocation done
Event: 29.064 Executing VM operation: G1CollectForAllocation
Event: 29.071 Executing VM operation: G1CollectForAllocation done
Event: 29.438 Executing VM operation: G1CollectForAllocation
Event: 29.445 Executing VM operation: G1CollectForAllocation done
Event: 29.896 Executing VM operation: G1CollectForAllocation
Event: 29.902 Executing VM operation: G1CollectForAllocation done
Event: 30.298 Executing VM operation: G1CollectForAllocation
Event: 30.302 Executing VM operation: G1CollectForAllocation done
Event: 30.742 Executing VM operation: G1CollectForAllocation
Event: 30.748 Executing VM operation: G1CollectForAllocation done
Event: 31.306 Executing VM operation: G1CollectForAllocation
Event: 31.313 Executing VM operation: G1CollectForAllocation done
Event: 32.076 Executing VM operation: G1CollectForAllocation
Event: 32.082 Executing VM operation: G1CollectForAllocation done
Event: 32.764 Executing VM operation: G1CollectForAllocation

Events (20 events):
Event: 21.860 Thread 0x00000190fe880b40 flushing nmethod 0x0000019080968d90
Event: 21.860 Thread 0x00000190fe880b40 flushing nmethod 0x000001908096b910
Event: 21.860 Thread 0x00000190fe880b40 flushing nmethod 0x000001908096fe90
Event: 21.860 Thread 0x00000190fe880b40 flushing nmethod 0x000001908098c110
Event: 21.860 Thread 0x00000190fe880b40 flushing nmethod 0x0000019080996c90
Event: 21.860 Thread 0x00000190fe880b40 flushing nmethod 0x00000190809a4190
Event: 21.860 Thread 0x00000190fe880b40 flushing nmethod 0x00000190809c2f90
Event: 21.860 Thread 0x00000190fe880b40 flushing nmethod 0x00000190809e9110
Event: 21.860 Thread 0x00000190fe880b40 flushing nmethod 0x00000190809eb710
Event: 21.860 Thread 0x00000190fe880b40 flushing nmethod 0x00000190809f8d10
Event: 21.860 Thread 0x00000190fe880b40 flushing nmethod 0x00000190809fc510
Event: 21.860 Thread 0x00000190fe880b40 flushing nmethod 0x0000019080a04690
Event: 27.197 Thread 0x00000190fe880b40 flushing nmethod 0x0000019080681f10
Event: 27.199 Thread 0x00000190fe880b40 flushing nmethod 0x00000190808ce910
Event: 27.329 Thread 0x00000190feb2c4e0 Thread exited: 0x00000190feb2c4e0
Event: 27.636 Thread 0x00000190917abd00 Thread added: 0x00000190917abd00
Event: 30.159 Thread 0x00000190917abd00 Thread exited: 0x00000190917abd00
Event: 31.118 Thread 0x00000190917abd00 Thread added: 0x00000190917abd00
Event: 31.363 Thread 0x00000190917abd00 Thread exited: 0x00000190917abd00
Event: 31.652 Thread 0x00000190917abd00 Thread added: 0x00000190917abd00


Dynamic libraries:
0x00007ff7f1a90000 - 0x00007ff7f1a9a000 	C:\Program Files\Android\Android Studio\jbr\bin\java.exe
0x00007ff90db70000 - 0x00007ff90dd68000 	C:\WINDOWS\SYSTEM32\ntdll.dll
0x00007ff90d4f0000 - 0x00007ff90d5b2000 	C:\WINDOWS\System32\KERNEL32.DLL
0x00007ff90b2e0000 - 0x00007ff90b5de000 	C:\WINDOWS\System32\KERNELBASE.dll
0x00007ff90b5e0000 - 0x00007ff90b6e0000 	C:\WINDOWS\System32\ucrtbase.dll
0x00007ff8fbdf0000 - 0x00007ff8fbe07000 	C:\Program Files\Android\Android Studio\jbr\bin\jli.dll
0x00007ff904dd0000 - 0x00007ff904deb000 	C:\Program Files\Android\Android Studio\jbr\bin\VCRUNTIME140.dll
0x00007ff90bea0000 - 0x00007ff90c03d000 	C:\WINDOWS\System32\USER32.dll
0x00007ff90b240000 - 0x00007ff90b262000 	C:\WINDOWS\System32\win32u.dll
0x00007ff8fb680000 - 0x00007ff8fb91a000 	C:\WINDOWS\WinSxS\amd64_microsoft.windows.common-controls_6595b64144ccf1df_6.0.19041.4355_none_60b8b9eb71f62e16\COMCTL32.dll
0x00007ff90c970000 - 0x00007ff90c99b000 	C:\WINDOWS\System32\GDI32.dll
0x00007ff90bc60000 - 0x00007ff90bcfe000 	C:\WINDOWS\System32\msvcrt.dll
0x00007ff90b780000 - 0x00007ff90b897000 	C:\WINDOWS\System32\gdi32full.dll
0x00007ff90b6e0000 - 0x00007ff90b77d000 	C:\WINDOWS\System32\msvcp_win.dll
0x00007ff90d950000 - 0x00007ff90d97f000 	C:\WINDOWS\System32\IMM32.DLL
0x00007ff907230000 - 0x00007ff90723c000 	C:\Program Files\Android\Android Studio\jbr\bin\vcruntime140_1.dll
0x00007ff903b20000 - 0x00007ff903bad000 	C:\Program Files\Android\Android Studio\jbr\bin\msvcp140.dll
0x00007ff8beab0000 - 0x00007ff8bf71e000 	C:\Program Files\Android\Android Studio\jbr\bin\server\jvm.dll
0x00007ff90bd00000 - 0x00007ff90bdb1000 	C:\WINDOWS\System32\ADVAPI32.dll
0x00007ff90d980000 - 0x00007ff90da1f000 	C:\WINDOWS\System32\sechost.dll
0x00007ff90d5c0000 - 0x00007ff90d6e3000 	C:\WINDOWS\System32\RPCRT4.dll
0x00007ff90b210000 - 0x00007ff90b237000 	C:\WINDOWS\System32\bcrypt.dll
0x00007ff903a40000 - 0x00007ff903a49000 	C:\WINDOWS\SYSTEM32\WSOCK32.dll
0x00007ff90c5e0000 - 0x00007ff90c64b000 	C:\WINDOWS\System32\WS2_32.dll
0x00007ff8f9210000 - 0x00007ff8f9237000 	C:\WINDOWS\SYSTEM32\WINMM.dll
0x00007ff8f8940000 - 0x00007ff8f894a000 	C:\WINDOWS\SYSTEM32\VERSION.dll
0x00007ff909a30000 - 0x00007ff909a42000 	C:\WINDOWS\SYSTEM32\kernel.appcore.dll
0x00007ff903a30000 - 0x00007ff903a3a000 	C:\Program Files\Android\Android Studio\jbr\bin\jimage.dll
0x00007ff8ecc60000 - 0x00007ff8ece44000 	C:\WINDOWS\SYSTEM32\DBGHELP.DLL
0x00007ff8ed850000 - 0x00007ff8ed884000 	C:\WINDOWS\SYSTEM32\dbgcore.DLL
0x00007ff90bab0000 - 0x00007ff90bb32000 	C:\WINDOWS\System32\bcryptPrimitives.dll
0x00007ff903a00000 - 0x00007ff903a25000 	C:\Program Files\Android\Android Studio\jbr\bin\java.dll
0x00007ff9039e0000 - 0x00007ff9039f8000 	C:\Program Files\Android\Android Studio\jbr\bin\zip.dll
0x00007ff90cd80000 - 0x00007ff90d4ed000 	C:\WINDOWS\System32\SHELL32.dll
0x00007ff909110000 - 0x00007ff9098b4000 	C:\WINDOWS\SYSTEM32\windows.storage.dll
0x00007ff90c9a0000 - 0x00007ff90ccf3000 	C:\WINDOWS\System32\combase.dll
0x00007ff90ab70000 - 0x00007ff90ab9e000 	C:\WINDOWS\SYSTEM32\Wldp.dll
0x00007ff90c650000 - 0x00007ff90c71d000 	C:\WINDOWS\System32\OLEAUT32.dll
0x00007ff90d8a0000 - 0x00007ff90d94d000 	C:\WINDOWS\System32\SHCORE.dll
0x00007ff90da20000 - 0x00007ff90da75000 	C:\WINDOWS\System32\shlwapi.dll
0x00007ff90b140000 - 0x00007ff90b164000 	C:\WINDOWS\SYSTEM32\profapi.dll
0x00007ff8fc650000 - 0x00007ff8fc669000 	C:\Program Files\Android\Android Studio\jbr\bin\net.dll
0x00007ff901ca0000 - 0x00007ff901dad000 	C:\WINDOWS\SYSTEM32\WINHTTP.dll
0x00007ff90a8d0000 - 0x00007ff90a93a000 	C:\WINDOWS\system32\mswsock.dll
0x00007ff8fc630000 - 0x00007ff8fc646000 	C:\Program Files\Android\Android Studio\jbr\bin\nio.dll
0x00007ff9038e0000 - 0x00007ff9038f0000 	C:\Program Files\Android\Android Studio\jbr\bin\verify.dll
0x00007ff904a60000 - 0x00007ff904a87000 	C:\Users\clait\.gradle\native\68d5fa5c4cc2d200863cafc0d521ce42e7d3e7ee720ec0a83991735586a16f82\windows-amd64\native-platform.dll
0x00007ff8d8db0000 - 0x00007ff8d8ef4000 	C:\Users\clait\.gradle\native\e376f236ea51e6404a007f0833ffe2c6e607c4080706a723a18a27aeea778392\windows-amd64\native-platform-file-events.dll
0x00007ff8fd7a0000 - 0x00007ff8fd7a9000 	C:\Program Files\Android\Android Studio\jbr\bin\management.dll
0x00007ff8fc2c0000 - 0x00007ff8fc2cb000 	C:\Program Files\Android\Android Studio\jbr\bin\management_ext.dll
0x00007ff90c040000 - 0x00007ff90c048000 	C:\WINDOWS\System32\PSAPI.DLL
0x00007ff90aad0000 - 0x00007ff90aae8000 	C:\WINDOWS\SYSTEM32\CRYPTSP.dll
0x00007ff90a1f0000 - 0x00007ff90a224000 	C:\WINDOWS\system32\rsaenh.dll
0x00007ff90b100000 - 0x00007ff90b12e000 	C:\WINDOWS\SYSTEM32\USERENV.dll
0x00007ff90aac0000 - 0x00007ff90aacc000 	C:\WINDOWS\SYSTEM32\CRYPTBASE.dll
0x00007ff90a5b0000 - 0x00007ff90a5eb000 	C:\WINDOWS\SYSTEM32\IPHLPAPI.DLL
0x00007ff90bb90000 - 0x00007ff90bb98000 	C:\WINDOWS\System32\NSI.dll
0x00007ff902930000 - 0x00007ff902947000 	C:\WINDOWS\SYSTEM32\dhcpcsvc6.DLL
0x00007ff903690000 - 0x00007ff9036ad000 	C:\WINDOWS\SYSTEM32\dhcpcsvc.DLL
0x00007ff90a5f0000 - 0x00007ff90a6ba000 	C:\WINDOWS\SYSTEM32\DNSAPI.dll
0x00007ff8ea9e0000 - 0x00007ff8ea9e7000 	C:\WINDOWS\system32\wshunix.dll
0x00007ff90a440000 - 0x00007ff90a473000 	C:\WINDOWS\SYSTEM32\ntmarta.dll

dbghelp: loaded successfully - version: 4.0.5 - missing functions: none
symbol engine: initialized successfully - sym options: 0x614 - pdb path: .;C:\Program Files\Android\Android Studio\jbr\bin;C:\WINDOWS\SYSTEM32;C:\WINDOWS\WinSxS\amd64_microsoft.windows.common-controls_6595b64144ccf1df_6.0.19041.4355_none_60b8b9eb71f62e16;C:\Program Files\Android\Android Studio\jbr\bin\server;C:\Users\clait\.gradle\native\68d5fa5c4cc2d200863cafc0d521ce42e7d3e7ee720ec0a83991735586a16f82\windows-amd64;C:\Users\clait\.gradle\native\e376f236ea51e6404a007f0833ffe2c6e607c4080706a723a18a27aeea778392\windows-amd64

VM Arguments:
jvm_args: --add-opens=java.base/java.util=ALL-UNNAMED --add-opens=java.base/java.lang=ALL-UNNAMED --add-opens=java.base/java.lang.invoke=ALL-UNNAMED --add-opens=java.prefs/java.util.prefs=ALL-UNNAMED --add-opens=java.base/java.nio.charset=ALL-UNNAMED --add-opens=java.base/java.net=ALL-UNNAMED --add-opens=java.base/java.util.concurrent.atomic=ALL-UNNAMED -Xmx2048m -Dfile.encoding=UTF-8 -Duser.country=BR -Duser.language=pt -Duser.variant 
java_command: org.gradle.launcher.daemon.bootstrap.GradleDaemon 8.0
java_class_path (initial): C:\Users\clait\.gradle\wrapper\dists\gradle-8.0-bin\ca5e32bp14vu59qr306oxotwh\gradle-8.0\lib\gradle-launcher-8.0.jar
Launcher Type: SUN_STANDARD

[Global flags]
     intx CICompilerCount                          = 3                                         {product} {ergonomic}
     uint ConcGCThreads                            = 1                                         {product} {ergonomic}
     uint G1ConcRefinementThreads                  = 4                                         {product} {ergonomic}
   size_t G1HeapRegionSize                         = 1048576                                   {product} {ergonomic}
    uintx GCDrainStackTargetSize                   = 64                                        {product} {ergonomic}
   size_t InitialHeapSize                          = 268435456                                 {product} {ergonomic}
   size_t MarkStackSize                            = 4194304                                   {product} {ergonomic}
   size_t MaxHeapSize                              = 2147483648                                {product} {command line}
   size_t MaxNewSize                               = 1287651328                                {product} {ergonomic}
   size_t MinHeapDeltaBytes                        = 1048576                                   {product} {ergonomic}
   size_t MinHeapSize                              = 8388608                                   {product} {ergonomic}
    uintx NonNMethodCodeHeapSize                   = 5832780                                {pd product} {ergonomic}
    uintx NonProfiledCodeHeapSize                  = 122912730                              {pd product} {ergonomic}
    uintx ProfiledCodeHeapSize                     = 122912730                              {pd product} {ergonomic}
    uintx ReservedCodeCacheSize                    = 251658240                              {pd product} {ergonomic}
     bool SegmentedCodeCache                       = true                                      {product} {ergonomic}
   size_t SoftMaxHeapSize                          = 2147483648                             {manageable} {ergonomic}
     bool UseCompressedClassPointers               = true                           {product lp64_product} {ergonomic}
     bool UseCompressedOops                        = true                           {product lp64_product} {ergonomic}
     bool UseG1GC                                  = true                                      {product} {ergonomic}
     bool UseLargePagesIndividualAllocation        = false                                  {pd product} {ergonomic}

Logging:
Log output configuration:
 #0: stdout all=warning uptime,level,tags
 #1: stderr all=off uptime,level,tags

Environment Variables:
PATH=C:\Program Files (x86)\NVIDIA Corporation\PhysX\Common;C:\Program Files\Common Files\Oracle\Java\javapath;C:\WINDOWS\system32;C:\WINDOWS;C:\WINDOWS\System32\Wbem;C:\WINDOWS\System32\WindowsPowerShell\v1.0\;C:\WINDOWS\System32\OpenSSH\;C:\Program Files\Git\cmd;C:\Program Files\dotnet\;C:\Users\clait\AppData\Local\Microsoft\WindowsApps;C:\Users\clait\AppData\Local\Programs\Microsoft VS Code\bin;C:\src\flutter\bin;
USERNAME=Claiton
OS=Windows_NT
PROCESSOR_IDENTIFIER=Intel64 Family 6 Model 58 Stepping 9, GenuineIntel
TMP=C:\Users\clait\AppData\Local\Temp
TEMP=C:\Users\clait\AppData\Local\Temp


JNI global refs:
JNI global refs: 24, weak refs: 0

JNI global refs memory usage: 843, weak refs: 841


---------------  S Y S T E M  ---------------

OS:
 Windows 10 , 64 bit Build 19041 (10.0.19041.5072)
OS uptime: 1 days 2:29 hours

CPU: total 4 (initial active 4) (2 cores per cpu, 2 threads per core) family 6 model 58 stepping 9 microcode 0x21, cx8, cmov, fxsr, ht, mmx, sse, sse2, sse3, ssse3, sse4.1, sse4.2, popcnt, tsc, tscinvbit, avx, aes, erms, clmul, vzeroupper, clflush

Memory: 4k page, system-wide physical 16262M (8119M free)
TotalPageFile size 18694M (AvailPageFile size 10831M)
current process WorkingSet (physical memory assigned to process): 364M, peak: 364M
current process commit charge ("private bytes"): 393M, peak: 398M

vm_info: OpenJDK 64-Bit Server VM (17.0.6+0-b2043.56-10027231) for windows-amd64 JRE (17.0.6+0-b2043.56-10027231), built on Apr 28 2023 00:43:19 by "androidbuild" with MS VC++ 16.10 / 16.11 (VS2019)

END.
